
/home/runner/work/exp-external-internal-flow-iitb/exp-external-internal-flow-iitb/experiment/simulation/common_libraries/js/ts_components/collapse_step.js
   1:10  warning  'show_step' is defined but never used                 no-unused-vars
   2:5   warning  '$' is not defined                                    no-undef
   3:9   warning  '$' is not defined                                    no-undef
   6:10  warning  'hide_step' is defined but never used                 no-unused-vars
   7:5   warning  '$' is not defined                                    no-undef
   8:9   warning  '$' is not defined                                    no-undef
  11:10  warning  'get_collapse_btn_text' is defined but never used     no-unused-vars
  20:10  warning  'get_collapse_btn_element' is defined but never used  no-unused-vars
  29:10  warning  'hide_all_steps' is defined but never used            no-unused-vars
  31:9   warning  '$' is not defined                                    no-undef

/home/runner/work/exp-external-internal-flow-iitb/exp-external-internal-flow-iitb/experiment/simulation/common_libraries/js/ts_components/matrix.js
   27:26  warning  'MathJax' is not defined                                no-undef
   32:7   warning  'Matrix_Without_String' is defined but never used       no-unused-vars
   52:26  warning  'MathJax' is not defined                                no-undef
   56:10  warning  'get_matrix_html' is defined but never used             no-unused-vars
   87:13  warning  'row_html' is assigned a value but never used           no-unused-vars
   99:10  warning  'get_matrix_html_with_title' is defined but never used  no-unused-vars
  131:13  warning  'row_html' is assigned a value but never used           no-unused-vars
  143:10  warning  'convert_2d_to_1d_vector' is defined but never used     no-unused-vars
  156:10  warning  'convert_1d_to_2d_matrix' is defined but never used     no-unused-vars

/home/runner/work/exp-external-internal-flow-iitb/exp-external-internal-flow-iitb/experiment/simulation/common_libraries/js/ts_components/pannel.js
  8:7  warning  'Pannel' is defined but never used  no-unused-vars

/home/runner/work/exp-external-internal-flow-iitb/exp-external-internal-flow-iitb/experiment/simulation/common_libraries/js/ts_components/questions.js
   6:17  warning  'op1' is assigned a value but never used      no-unused-vars
   7:17  warning  'op2' is assigned a value but never used      no-unused-vars
   8:17  warning  'op3' is assigned a value but never used      no-unused-vars
   9:17  warning  'op4' is assigned a value but never used      no-unused-vars
  94:7   warning  'Question_Options' is defined but never used  no-unused-vars

/home/runner/work/exp-external-internal-flow-iitb/exp-external-internal-flow-iitb/experiment/simulation/common_libraries/js/ts_components/tables.js
   19:22  warning  'verify_values' is not defined                                     no-undef
  137:22  warning  'verify_values' is not defined                                     no-undef
  260:7   warning  'Verify_Rows_Cols_6_decimal_places' is defined but never used      no-unused-vars
  311:22  warning  'verify_values' is not defined                                     no-undef
  416:7   warning  'Verify_Rows_Cols_Custom_Fixed_Update1' is defined but never used  no-unused-vars
  468:7   warning  'Show_Table_Custom_Fixed' is defined but never used                no-unused-vars
  506:7   warning  'Verify_Rows_Cols_Strings' is defined but never used               no-unused-vars
  527:22  warning  'verify_values' is not defined                                     no-undef
  663:7   warning  'Display_Table' is defined but never used                          no-unused-vars

/home/runner/work/exp-external-internal-flow-iitb/exp-external-internal-flow-iitb/experiment/simulation/common_libraries/js/ts_math_library/general_math_functions.js
    1:10  warning  'verify_values' is defined but never used                   no-unused-vars
   17:10  warning  'random1' is defined but never used                         no-unused-vars
   21:10  warning  'std_deviation' is defined but never used                   no-unused-vars
   26:10  warning  'gauss' is defined but never used                           no-unused-vars
   56:10  warning  'hide_panel' is defined but never used                      no-unused-vars
   63:10  warning  'inverse_matrix' is defined but never used                  no-unused-vars
   96:10  warning  'matrix_multiplication' is defined but never used           no-unused-vars
  113:10  warning  'transpose_matrix' is defined but never used                no-unused-vars
  123:10  warning  'matrix_multiplication_8decimal' is defined but never used  no-unused-vars
  140:10  warning  'adjoint_2x2_matrix' is defined but never used              no-unused-vars
  145:10  warning  'find_deteminant' is defined but never used                 no-unused-vars
  174:10  warning  'get_Submatrix' is defined but never used                   no-unused-vars

/home/runner/work/exp-external-internal-flow-iitb/exp-external-internal-flow-iitb/experiment/simulation/common_libraries/js/ts_math_library/regression.js
   1:10  warning  'regression_linear' is defined but never used            no-unused-vars
  18:10  warning  'regression_linear_1variable' is defined but never used  no-unused-vars
  27:10  warning  'regression_linear_2variable' is defined but never used  no-unused-vars
  52:11  warning  'gauss' is not defined                                   no-undef

/home/runner/work/exp-external-internal-flow-iitb/exp-external-internal-flow-iitb/experiment/simulation/common_libraries/math.ob.js
  1:745  warning  'b' is already defined  no-redeclare

/home/runner/work/exp-external-internal-flow-iitb/exp-external-internal-flow-iitb/experiment/simulation/js/activity1.js
   19:24   warning  'MathJax' is not defined                       no-undef
   22:10   warning  'start_act1' is defined but never used         no-unused-vars
   27:20   warning  'get_collapse_btn_text' is not defined         no-undef
   32:29   warning  'act1_b' is not defined                        no-undef
   32:49   warning  'act1_l' is not defined                        no-undef
   32:88   warning  'act1_t1' is not defined                       no-undef
   32:150  warning  'act1_t2' is not defined                       no-undef
   32:188  warning  'act1_l' is not defined                        no-undef
   32:291  warning  'act1_q' is not defined                        no-undef
   33:25   warning  'act1_rho' is not defined                      no-undef
   33:61   warning  'act1_k' is not defined                        no-undef
   33:102  warning  'act1_cp' is not defined                       no-undef
   34:24   warning  'act1_pr' is not defined                       no-undef
   34:62   warning  'act1_mu_disp' is not defined                  no-undef
  128:5    warning  'hide_all_steps' is not defined                no-undef
  129:24   warning  'show_step' is not defined                     no-undef
  130:24   warning  'MathJax' is not defined                       no-undef
  134:13   warning  'act1_q' is not defined                        no-undef
  135:5    warning  'act1_h' is not defined                        no-undef
  135:19   warning  'act1_a' is not defined                        no-undef
  135:28   warning  'act1_del_t' is not defined                    no-undef
  136:5    warning  'act1_nu' is not defined                       no-undef
  136:16   warning  'act1_h' is not defined                        no-undef
  136:25   warning  'act1_l' is not defined                        no-undef
  136:35   warning  'act1_k' is not defined                        no-undef
  137:5    warning  'act1_re' is not defined                       no-undef
  137:25   warning  'act1_nu' is not defined                       no-undef
  137:53   warning  'act1_pr' is not defined                       no-undef
  139:24   warning  'act1_h' is not defined                        no-undef
  140:25   warning  'act1_nu' is not defined                       no-undef
  141:25   warning  'act1_re' is not defined                       no-undef
  142:9    warning  'act1_re' is not defined                       no-undef
  143:9    warning  'act1_gr_re' is not defined                    no-undef
  143:34   warning  'act1_nu' is not defined                       no-undef
  143:53   warning  'act1_pr' is not defined                       no-undef
  144:9    warning  'act1_gr_v' is not defined                     no-undef
  144:22   warning  'act1_gr_re' is not defined                    no-undef
  144:35   warning  'act1_mu' is not defined                       no-undef
  144:47   warning  'act1_rho' is not defined                      no-undef
  144:58   warning  'act1_l' is not defined                        no-undef
  145:33   warning  'act1_gr_re' is not defined                    no-undef
  146:32   warning  'act1_gr_v' is not defined                     no-undef
  149:9    warning  'act1_le_v' is not defined                     no-undef
  149:22   warning  'act1_re' is not defined                       no-undef
  149:32   warning  'act1_mu' is not defined                       no-undef
  149:44   warning  'act1_rho' is not defined                      no-undef
  149:55   warning  'act1_l' is not defined                        no-undef
  150:32   warning  'act1_le_v' is not defined                     no-undef
  153:10   warning  'verify_act1_h' is defined but never used      no-unused-vars
  158:10   warning  'verify_values' is not defined                 no-undef
  158:82   warning  'act1_h' is not defined                        no-undef
  164:25   warning  'act1_h' is not defined                        no-undef
  167:10   warning  'verify_act1_nu' is defined but never used     no-unused-vars
  172:10   warning  'verify_values' is not defined                 no-undef
  172:82   warning  'act1_nu' is not defined                       no-undef
  178:25   warning  'act1_nu' is not defined                       no-undef
  181:10   warning  'verify_act1_re' is defined but never used     no-unused-vars
  185:10   warning  'verify_values' is not defined                 no-undef
  185:82   warning  'act1_re' is not defined                       no-undef
  191:25   warning  'act1_re' is not defined                       no-undef
  192:9    warning  'act1_re' is not defined                       no-undef
  201:10   warning  'verify_act1_gr_re' is defined but never used  no-unused-vars
  206:10   warning  'verify_values' is not defined                 no-undef
  206:82   warning  'act1_gr_re' is not defined                    no-undef
  212:25   warning  'act1_gr_re' is not defined                    no-undef
  215:10   warning  'verify_act1_v' is defined but never used      no-unused-vars
  219:10   warning  'verify_values' is not defined                 no-undef
  219:82   warning  'act1_gr_v' is not defined                     no-undef
  225:25   warning  'act1_gr_v' is not defined                     no-undef
  226:5    warning  'activity2' is not defined                     no-undef
  228:10   warning  'verify_act1_le_v' is defined but never used   no-unused-vars
  232:10   warning  'verify_values' is not defined                 no-undef
  232:82   warning  'act1_le_v' is not defined                     no-undef
  238:25   warning  'act1_le_v' is not defined                     no-undef
  239:5    warning  'activity2' is not defined                     no-undef

/home/runner/work/exp-external-internal-flow-iitb/exp-external-internal-flow-iitb/experiment/simulation/js/activity2.js
    1:10   warning  'activity2' is defined but never used         no-unused-vars
   16:5    warning  'maindiv' is not defined                      no-undef
   17:24   warning  'MathJax' is not defined                      no-undef
   19:10   warning  'start_act2' is defined but never used        no-unused-vars
   24:20   warning  'get_collapse_btn_text' is not defined        no-undef
   29:42   warning  'act2_t1' is not defined                      no-undef
   29:99   warning  'act2_d' is not defined                       no-undef
   29:124  warning  'act2_l' is not defined                       no-undef
   29:163  warning  'act2_v' is not defined                       no-undef
   29:200  warning  'act2_t2' is not defined                      no-undef
   35:25   warning  'act2_rho' is not defined                     no-undef
   35:69   warning  'act2_cp' is not defined                      no-undef
   36:22   warning  'act2_k' is not defined                       no-undef
   97:5    warning  'maindiv' is not defined                      no-undef
   99:24   warning  'show_step' is not defined                    no-undef
  100:24   warning  'MathJax' is not defined                      no-undef
  103:22   warning  'act2_d' is not defined                       no-undef
  104:5    warning  'act2_re' is not defined                      no-undef
  104:16   warning  'act2_v' is not defined                       no-undef
  104:39   warning  'act2_nu' is not defined                      no-undef
  105:9    warning  'act2_re' is not defined                      no-undef
  106:9    warning  'act2_h' is not defined                       no-undef
  106:31   warning  'act2_re' is not defined                      no-undef
  106:57   warning  'act2_nu' is not defined                      no-undef
  106:67   warning  'act2_rho' is not defined                     no-undef
  106:78   warning  'act2_cp' is not defined                      no-undef
  106:89   warning  'act2_k' is not defined                       no-undef
  106:115  warning  'act2_k' is not defined                       no-undef
  108:14   warning  'act2_re' is not defined                      no-undef
  108:32   warning  'act2_re' is not defined                      no-undef
  109:9    warning  'act2_le_h' is not defined                    no-undef
  109:39   warning  'act2_re' is not defined                      no-undef
  109:75   warning  'act2_nu' is not defined                      no-undef
  109:85   warning  'act2_rho' is not defined                     no-undef
  109:96   warning  'act2_cp' is not defined                      no-undef
  109:107  warning  'act2_k' is not defined                       no-undef
  109:133  warning  'act2_k' is not defined                       no-undef
  112:9    warning  'act2_gr_h' is not defined                    no-undef
  112:38   warning  'act2_re' is not defined                      no-undef
  112:74   warning  'act2_nu' is not defined                      no-undef
  112:84   warning  'act2_rho' is not defined                     no-undef
  112:95   warning  'act2_cp' is not defined                      no-undef
  112:106  warning  'act2_k' is not defined                       no-undef
  112:132  warning  'act2_k' is not defined                       no-undef
  114:30   warning  'act2_re' is not defined                      no-undef
  115:29   warning  'act2_h' is not defined                       no-undef
  116:32   warning  'act2_le_h' is not defined                    no-undef
  117:32   warning  'act2_gr_h' is not defined                    no-undef
  119:10   warning  'verify_act2_re' is defined but never used    no-unused-vars
  123:10   warning  'verify_values' is not defined                no-undef
  123:82   warning  'act2_re' is not defined                      no-undef
  129:25   warning  'act2_re' is not defined                      no-undef
  130:9    warning  'act2_re' is not defined                      no-undef
  134:14   warning  'act2_re' is not defined                      no-undef
  134:32   warning  'act2_re' is not defined                      no-undef
  143:10   warning  'verify_act2_h' is defined but never used     no-unused-vars
  147:10   warning  'verify_values' is not defined                no-undef
  147:82   warning  'act2_h' is not defined                       no-undef
  153:25   warning  'act2_h' is not defined                       no-undef
  156:10   warning  'verify_act2_le_h' is defined but never used  no-unused-vars
  160:10   warning  'verify_values' is not defined                no-undef
  160:82   warning  'act2_le_h' is not defined                    no-undef
  166:25   warning  'act2_le_h' is not defined                    no-undef
  169:10   warning  'verify_act2_gr_h' is defined but never used  no-unused-vars
  173:10   warning  'verify_values' is not defined                no-undef
  173:83   warning  'act2_gr_h' is not defined                    no-undef
  179:26   warning  'act2_gr_h' is not defined                    no-undef

/home/runner/work/exp-external-internal-flow-iitb/exp-external-internal-flow-iitb/experiment/simulation/js/data.js
   2:5  warning  'sigma' is assigned a value but never used         no-unused-vars
   6:5  warning  'act1_a' is assigned a value but never used        no-unused-vars
   9:5  warning  'act1_del_t' is assigned a value but never used    no-unused-vars
  10:5  warning  'act1_q' is assigned a value but never used        no-unused-vars
  11:5  warning  'act1_rho' is assigned a value but never used      no-unused-vars
  12:5  warning  'act1_k' is assigned a value but never used        no-unused-vars
  13:5  warning  'act1_cp' is assigned a value but never used       no-unused-vars
  14:5  warning  'act1_pr' is assigned a value but never used       no-unused-vars
  15:5  warning  'act1_mu_disp' is assigned a value but never used  no-unused-vars
  16:5  warning  'act1_mu' is assigned a value but never used       no-unused-vars
  17:5  warning  'act1_h' is assigned a value but never used        no-unused-vars
  18:5  warning  'act1_nu' is assigned a value but never used       no-unused-vars
  19:5  warning  'act1_re' is assigned a value but never used       no-unused-vars
  20:5  warning  'act1_gr_re' is assigned a value but never used    no-unused-vars
  21:5  warning  'act1_gr_v' is assigned a value but never used     no-unused-vars
  22:5  warning  'act1_le_re' is assigned a value but never used    no-unused-vars
  23:5  warning  'act1_le_v' is assigned a value but never used     no-unused-vars
  25:5  warning  'act2_t1' is assigned a value but never used       no-unused-vars
  26:5  warning  'act2_t2' is assigned a value but never used       no-unused-vars
  27:5  warning  'act2_d' is assigned a value but never used        no-unused-vars
  28:5  warning  'act2_l' is assigned a value but never used        no-unused-vars
  29:5  warning  'act2_v' is assigned a value but never used        no-unused-vars
  30:5  warning  'act2_re' is assigned a value but never used       no-unused-vars
  31:5  warning  'act2_nu' is assigned a value but never used       no-unused-vars
  32:5  warning  'act2_h' is assigned a value but never used        no-unused-vars
  33:5  warning  'act2_rho' is assigned a value but never used      no-unused-vars
  34:5  warning  'act2_cp' is assigned a value but never used       no-unused-vars
  35:5  warning  'act2_k' is assigned a value but never used        no-unused-vars
  36:5  warning  'act2_le_h' is assigned a value but never used     no-unused-vars
  37:5  warning  'act2_gr_h' is assigned a value but never used     no-unused-vars

✖ 223 problems (0 errors, 223 warnings)

